<?xml version="1.0" encoding="utf-8"?>
<coverage line-rate="0.8701000000000001" branch-rate="0.7352" version="1.9" timestamp="1609929821" lines-covered="201" lines-valid="231" branches-covered="50" branches-valid="68">
  <sources>
    <source>/Users/guede/Development/Repositories/AzureCloudTableObjectSerializer/CloudTableUtils/</source>
  </sources>
  <packages>
    <package name="CloudTableUtils" line-rate="0.8701000000000001" branch-rate="0.7352" complexity="98">
      <classes>
        <class name="WebGate.Azure.CloudTableUtils.ObjectBuilder" filename="ObjectBuilder.cs" line-rate="0.7666" branch-rate="0.6" complexity="11">
          <methods>
            <method name="Build" signature="(System.Collections.Generic.IDictionary`2&lt;System.String,Microsoft.Azure.Cosmos.Table.EntityProperty&gt;)" line-rate="1" branch-rate="1">
              <lines>
                <line number="11" hits="13" branch="False" />
                <line number="12" hits="13" branch="False" />
                <line number="13" hits="13" branch="False" />
                <line number="14" hits="13" branch="False" />
                <line number="16" hits="13" branch="False" />
              </lines>
            </method>
            <method name="ProcessObject" signature="(System.Object,System.String,System.Collections.Generic.IDictionary`2&lt;System.String,Microsoft.Azure.Cosmos.Table.EntityProperty&gt;)" line-rate="0.7" branch-rate="0.625">
              <lines>
                <line number="17" hits="13" branch="False" />
                <line number="18" hits="219" branch="True" condition-coverage="100% (2/2)">
                  <conditions>
                    <condition number="50" type="jump" coverage="100%" />
                  </conditions>
                </line>
                <line number="19" hits="116" branch="False" />
                <line number="20" hits="116" branch="False" />
                <line number="21" hits="210" branch="True" condition-coverage="100% (2/2)">
                  <conditions>
                    <condition number="35" type="jump" coverage="100%" />
                  </conditions>
                </line>
                <line number="22" hits="107" branch="False" />
                <line number="23" hits="107" branch="False" />
                <line number="24" hits="201" branch="True" condition-coverage="50% (1/2)">
                  <conditions>
                    <condition number="67" type="jump" coverage="50%" />
                  </conditions>
                </line>
                <line number="25" hits="107" branch="False" />
                <line number="26" hits="0" branch="False" />
                <line number="27" hits="0" branch="True" condition-coverage="0% (0/2)">
                  <conditions>
                    <condition number="118" type="jump" coverage="0%" />
                  </conditions>
                </line>
                <line number="28" hits="0" branch="False" />
                <line number="29" hits="13" branch="False" />
                <line number="30" hits="0" branch="False" />
                <line number="31" hits="0" branch="False" />
                <line number="32" hits="0" branch="False" />
                <line number="33" hits="107" branch="False" />
                <line number="34" hits="13" branch="False" />
                <line number="35" hits="116" branch="False" />
                <line number="37" hits="13" branch="False" />
              </lines>
            </method>
            <method name="BuildEntityName" signature="(System.String,System.String)" line-rate="0.8" branch-rate="0.5">
              <lines>
                <line number="39" hits="103" branch="False" />
                <line number="40" hits="206" branch="True" condition-coverage="50% (1/2)">
                  <conditions>
                    <condition number="9" type="jump" coverage="50%" />
                  </conditions>
                </line>
                <line number="41" hits="103" branch="False" />
                <line number="43" hits="0" branch="False" />
                <line number="44" hits="103" branch="False" />
              </lines>
            </method>
          </methods>
          <lines>
            <line number="11" hits="13" branch="False" />
            <line number="12" hits="13" branch="False" />
            <line number="13" hits="13" branch="False" />
            <line number="14" hits="13" branch="False" />
            <line number="16" hits="13" branch="False" />
            <line number="17" hits="13" branch="False" />
            <line number="18" hits="219" branch="True" condition-coverage="100% (2/2)">
              <conditions>
                <condition number="50" type="jump" coverage="100%" />
              </conditions>
            </line>
            <line number="19" hits="116" branch="False" />
            <line number="20" hits="116" branch="False" />
            <line number="21" hits="210" branch="True" condition-coverage="100% (2/2)">
              <conditions>
                <condition number="35" type="jump" coverage="100%" />
              </conditions>
            </line>
            <line number="22" hits="107" branch="False" />
            <line number="23" hits="107" branch="False" />
            <line number="24" hits="201" branch="True" condition-coverage="50% (1/2)">
              <conditions>
                <condition number="67" type="jump" coverage="50%" />
              </conditions>
            </line>
            <line number="25" hits="107" branch="False" />
            <line number="26" hits="0" branch="False" />
            <line number="27" hits="0" branch="True" condition-coverage="0% (0/2)">
              <conditions>
                <condition number="118" type="jump" coverage="0%" />
              </conditions>
            </line>
            <line number="28" hits="0" branch="False" />
            <line number="29" hits="13" branch="False" />
            <line number="30" hits="0" branch="False" />
            <line number="31" hits="0" branch="False" />
            <line number="32" hits="0" branch="False" />
            <line number="33" hits="107" branch="False" />
            <line number="34" hits="13" branch="False" />
            <line number="35" hits="116" branch="False" />
            <line number="37" hits="13" branch="False" />
            <line number="39" hits="103" branch="False" />
            <line number="40" hits="206" branch="True" condition-coverage="50% (1/2)">
              <conditions>
                <condition number="9" type="jump" coverage="50%" />
              </conditions>
            </line>
            <line number="41" hits="103" branch="False" />
            <line number="43" hits="0" branch="False" />
            <line number="44" hits="103" branch="False" />
          </lines>
        </class>
        <class name="WebGate.Azure.CloudTableUtils.ObjectSerializer" filename="ObjectSerializer.cs" line-rate="0.9309999999999999" branch-rate="0.9" complexity="11">
          <methods>
            <method name="Serialize" signature="(System.Object)" line-rate="1" branch-rate="1">
              <lines>
                <line number="10" hits="20" branch="False" />
                <line number="11" hits="20" branch="False" />
                <line number="12" hits="20" branch="False" />
                <line number="13" hits="20" branch="False" />
                <line number="14" hits="20" branch="False" />
              </lines>
            </method>
            <method name="ProcessObject" signature="(System.Object,System.String,System.Collections.Generic.IDictionary`2&lt;System.String,Microsoft.Azure.Cosmos.Table.EntityProperty&gt;)" line-rate="0.8946999999999999" branch-rate="0.875">
              <lines>
                <line number="16" hits="28" branch="False" />
                <line number="17" hits="448" branch="True" condition-coverage="100% (2/2)">
                  <conditions>
                    <condition number="50" type="jump" coverage="100%" />
                  </conditions>
                </line>
                <line number="18" hits="238" branch="False" />
                <line number="19" hits="238" branch="False" />
                <line number="20" hits="436" branch="True" condition-coverage="100% (2/2)">
                  <conditions>
                    <condition number="28" type="jump" coverage="100%" />
                  </conditions>
                </line>
                <line number="21" hits="226" branch="False" />
                <line number="22" hits="234" branch="True" condition-coverage="100% (2/2)">
                  <conditions>
                    <condition number="54" type="jump" coverage="100%" />
                  </conditions>
                </line>
                <line number="23" hits="0" branch="True" condition-coverage="50% (1/2)">
                  <conditions>
                    <condition number="72" type="jump" coverage="50%" />
                  </conditions>
                </line>
                <line number="24" hits="0" branch="False" />
                <line number="25" hits="36" branch="False" />
                <line number="26" hits="36" branch="False" />
                <line number="27" hits="36" branch="False" />
                <line number="28" hits="226" branch="False" />
                <line number="29" hits="218" branch="False" />
                <line number="30" hits="218" branch="False" />
                <line number="31" hits="218" branch="False" />
                <line number="32" hits="226" branch="False" />
                <line number="33" hits="238" branch="False" />
                <line number="35" hits="28" branch="False" />
              </lines>
            </method>
            <method name="BuildEntityName" signature="(System.String,System.String)" line-rate="1" branch-rate="1">
              <lines>
                <line number="37" hits="198" branch="False" />
                <line number="38" hits="326" branch="True" condition-coverage="100% (2/2)">
                  <conditions>
                    <condition number="9" type="jump" coverage="100%" />
                  </conditions>
                </line>
                <line number="39" hits="128" branch="False" />
                <line number="41" hits="70" branch="False" />
                <line number="42" hits="198" branch="False" />
              </lines>
            </method>
          </methods>
          <lines>
            <line number="10" hits="20" branch="False" />
            <line number="11" hits="20" branch="False" />
            <line number="12" hits="20" branch="False" />
            <line number="13" hits="20" branch="False" />
            <line number="14" hits="20" branch="False" />
            <line number="16" hits="28" branch="False" />
            <line number="17" hits="448" branch="True" condition-coverage="100% (2/2)">
              <conditions>
                <condition number="50" type="jump" coverage="100%" />
              </conditions>
            </line>
            <line number="18" hits="238" branch="False" />
            <line number="19" hits="238" branch="False" />
            <line number="20" hits="436" branch="True" condition-coverage="100% (2/2)">
              <conditions>
                <condition number="28" type="jump" coverage="100%" />
              </conditions>
            </line>
            <line number="21" hits="226" branch="False" />
            <line number="22" hits="234" branch="True" condition-coverage="100% (2/2)">
              <conditions>
                <condition number="54" type="jump" coverage="100%" />
              </conditions>
            </line>
            <line number="23" hits="0" branch="True" condition-coverage="50% (1/2)">
              <conditions>
                <condition number="72" type="jump" coverage="50%" />
              </conditions>
            </line>
            <line number="24" hits="0" branch="False" />
            <line number="25" hits="36" branch="False" />
            <line number="26" hits="36" branch="False" />
            <line number="27" hits="36" branch="False" />
            <line number="28" hits="226" branch="False" />
            <line number="29" hits="218" branch="False" />
            <line number="30" hits="218" branch="False" />
            <line number="31" hits="218" branch="False" />
            <line number="32" hits="226" branch="False" />
            <line number="33" hits="238" branch="False" />
            <line number="35" hits="28" branch="False" />
            <line number="37" hits="198" branch="False" />
            <line number="38" hits="326" branch="True" condition-coverage="100% (2/2)">
              <conditions>
                <condition number="9" type="jump" coverage="100%" />
              </conditions>
            </line>
            <line number="39" hits="128" branch="False" />
            <line number="41" hits="70" branch="False" />
            <line number="42" hits="198" branch="False" />
          </lines>
        </class>
        <class name="WebGate.Azure.CloudTableUtils.Converter.ArrayConverter" filename="Converters/ArrayConverter.cs" line-rate="1" branch-rate="1" complexity="3">
          <methods>
            <method name="IsType" signature="(System.Type)" line-rate="1" branch-rate="1">
              <lines>
                <line number="7" hits="20" branch="False" />
                <line number="8" hits="20" branch="False" />
                <line number="9" hits="20" branch="False" />
              </lines>
            </method>
            <method name="GetValue" signature="(System.Type,System.Object)" line-rate="1" branch-rate="1">
              <lines>
                <line number="11" hits="6" branch="False" />
                <line number="12" hits="6" branch="False" />
                <line number="13" hits="6" branch="False" />
                <line number="14" hits="6" branch="False" />
              </lines>
            </method>
            <method name="BuildValue" signature="(Microsoft.Azure.Cosmos.Table.EntityProperty,System.Type)" line-rate="1" branch-rate="1">
              <lines>
                <line number="15" hits="3" branch="False" />
                <line number="16" hits="3" branch="False" />
                <line number="17" hits="3" branch="False" />
              </lines>
            </method>
          </methods>
          <lines>
            <line number="7" hits="20" branch="False" />
            <line number="8" hits="20" branch="False" />
            <line number="9" hits="20" branch="False" />
            <line number="11" hits="6" branch="False" />
            <line number="12" hits="6" branch="False" />
            <line number="13" hits="6" branch="False" />
            <line number="14" hits="6" branch="False" />
            <line number="15" hits="3" branch="False" />
            <line number="16" hits="3" branch="False" />
            <line number="17" hits="3" branch="False" />
          </lines>
        </class>
        <class name="WebGate.Azure.CloudTableUtils.Converter.BooleanConverter" filename="Converters/BooleanConverter.cs" line-rate="0.3333" branch-rate="0.25" complexity="5">
          <methods>
            <method name="IsType" signature="(System.Type)" line-rate="1" branch-rate="0.5">
              <lines>
                <line number="9" hits="292" branch="False" />
                <line number="10" hits="292" branch="True" condition-coverage="50% (1/2)">
                  <conditions>
                    <condition number="17" type="jump" coverage="50%" />
                  </conditions>
                </line>
                <line number="11" hits="292" branch="False" />
              </lines>
            </method>
            <method name="GetValue" signature="(System.Type,System.Object)" line-rate="0" branch-rate="0">
              <lines>
                <line number="13" hits="0" branch="False" />
                <line number="14" hits="0" branch="True" condition-coverage="0% (0/2)">
                  <conditions>
                    <condition number="17" type="jump" coverage="0%" />
                  </conditions>
                </line>
                <line number="15" hits="0" branch="False" />
              </lines>
            </method>
            <method name="BuildValue" signature="(Microsoft.Azure.Cosmos.Table.EntityProperty,System.Type)" line-rate="0" branch-rate="1">
              <lines>
                <line number="17" hits="0" branch="False" />
                <line number="18" hits="0" branch="False" />
                <line number="19" hits="0" branch="False" />
              </lines>
            </method>
          </methods>
          <lines>
            <line number="9" hits="292" branch="False" />
            <line number="10" hits="292" branch="True" condition-coverage="50% (1/2)">
              <conditions>
                <condition number="17" type="jump" coverage="50%" />
              </conditions>
            </line>
            <line number="11" hits="292" branch="False" />
            <line number="13" hits="0" branch="False" />
            <line number="14" hits="0" branch="True" condition-coverage="0% (0/2)">
              <conditions>
                <condition number="17" type="jump" coverage="0%" />
              </conditions>
            </line>
            <line number="15" hits="0" branch="False" />
            <line number="17" hits="0" branch="False" />
            <line number="18" hits="0" branch="False" />
            <line number="19" hits="0" branch="False" />
          </lines>
        </class>
        <class name="WebGate.Azure.CloudTableUtils.Converter.ByteConverter" filename="Converters/ByteConverter.cs" line-rate="0.3333" branch-rate="1" complexity="3">
          <methods>
            <method name="IsType" signature="(System.Type)" line-rate="1" branch-rate="1">
              <lines>
                <line number="8" hits="292" branch="False" />
                <line number="9" hits="292" branch="False" />
                <line number="10" hits="292" branch="False" />
              </lines>
            </method>
            <method name="GetValue" signature="(System.Type,System.Object)" line-rate="0" branch-rate="1">
              <lines>
                <line number="12" hits="0" branch="False" />
                <line number="13" hits="0" branch="False" />
                <line number="14" hits="0" branch="False" />
              </lines>
            </method>
            <method name="BuildValue" signature="(Microsoft.Azure.Cosmos.Table.EntityProperty,System.Type)" line-rate="0" branch-rate="1">
              <lines>
                <line number="16" hits="0" branch="False" />
                <line number="17" hits="0" branch="False" />
                <line number="18" hits="0" branch="False" />
              </lines>
            </method>
          </methods>
          <lines>
            <line number="8" hits="292" branch="False" />
            <line number="9" hits="292" branch="False" />
            <line number="10" hits="292" branch="False" />
            <line number="12" hits="0" branch="False" />
            <line number="13" hits="0" branch="False" />
            <line number="14" hits="0" branch="False" />
            <line number="16" hits="0" branch="False" />
            <line number="17" hits="0" branch="False" />
            <line number="18" hits="0" branch="False" />
          </lines>
        </class>
        <class name="WebGate.Azure.CloudTableUtils.Converter.ConveterFactory" filename="Converters/ConveterFactory.cs" line-rate="1" branch-rate="1" complexity="3">
          <methods>
            <method name="FindConverter" signature="(System.Type)" line-rate="1" branch-rate="1">
              <lines>
                <line number="10" hits="292" branch="False" />
                <line number="11" hits="293" branch="True" condition-coverage="100% (2/2)">
                  <conditions>
                    <condition number="24" type="jump" coverage="100%" />
                  </conditions>
                </line>
                <line number="12" hits="1" branch="False" />
                <line number="13" hits="1" branch="False" />
                <line number="14" hits="2775" branch="False" />
                <line number="15" hits="292" branch="False" />
              </lines>
            </method>
            <method name="InitConverters" signature="()" line-rate="1" branch-rate="1">
              <lines>
                <line number="17" hits="1" branch="False" />
                <line number="18" hits="1" branch="False" />
                <line number="19" hits="1" branch="False" />
                <line number="20" hits="1" branch="False" />
                <line number="21" hits="1" branch="False" />
                <line number="22" hits="1" branch="False" />
                <line number="23" hits="1" branch="False" />
                <line number="24" hits="1" branch="False" />
                <line number="25" hits="1" branch="False" />
                <line number="26" hits="1" branch="False" />
                <line number="27" hits="1" branch="False" />
                <line number="28" hits="1" branch="False" />
                <line number="29" hits="1" branch="False" />
                <line number="30" hits="1" branch="False" />
                <line number="31" hits="1" branch="False" />
                <line number="32" hits="1" branch="False" />
                <line number="33" hits="1" branch="False" />
                <line number="34" hits="1" branch="False" />
                <line number="35" hits="1" branch="False" />
              </lines>
            </method>
          </methods>
          <lines>
            <line number="10" hits="292" branch="False" />
            <line number="11" hits="293" branch="True" condition-coverage="100% (2/2)">
              <conditions>
                <condition number="24" type="jump" coverage="100%" />
              </conditions>
            </line>
            <line number="12" hits="1" branch="False" />
            <line number="13" hits="1" branch="False" />
            <line number="14" hits="2775" branch="False" />
            <line number="15" hits="292" branch="False" />
            <line number="17" hits="1" branch="False" />
            <line number="18" hits="1" branch="False" />
            <line number="19" hits="1" branch="False" />
            <line number="20" hits="1" branch="False" />
            <line number="21" hits="1" branch="False" />
            <line number="22" hits="1" branch="False" />
            <line number="23" hits="1" branch="False" />
            <line number="24" hits="1" branch="False" />
            <line number="25" hits="1" branch="False" />
            <line number="26" hits="1" branch="False" />
            <line number="27" hits="1" branch="False" />
            <line number="28" hits="1" branch="False" />
            <line number="29" hits="1" branch="False" />
            <line number="30" hits="1" branch="False" />
            <line number="31" hits="1" branch="False" />
            <line number="32" hits="1" branch="False" />
            <line number="33" hits="1" branch="False" />
            <line number="34" hits="1" branch="False" />
            <line number="35" hits="1" branch="False" />
          </lines>
        </class>
        <class name="WebGate.Azure.CloudTableUtils.Converter.DateTimeConverter" filename="Converters/DateTimeConverter.cs" line-rate="1" branch-rate="0.75" complexity="5">
          <methods>
            <method name="IsType" signature="(System.Type)" line-rate="1" branch-rate="1">
              <lines>
                <line number="8" hits="292" branch="False" />
                <line number="9" hits="292" branch="True" condition-coverage="100% (2/2)">
                  <conditions>
                    <condition number="17" type="jump" coverage="100%" />
                  </conditions>
                </line>
                <line number="10" hits="292" branch="False" />
              </lines>
            </method>
            <method name="GetValue" signature="(System.Type,System.Object)" line-rate="1" branch-rate="0.5">
              <lines>
                <line number="12" hits="16" branch="False" />
                <line number="13" hits="16" branch="True" condition-coverage="50% (1/2)">
                  <conditions>
                    <condition number="17" type="jump" coverage="50%" />
                  </conditions>
                </line>
                <line number="14" hits="16" branch="False" />
              </lines>
            </method>
            <method name="BuildValue" signature="(Microsoft.Azure.Cosmos.Table.EntityProperty,System.Type)" line-rate="1" branch-rate="1">
              <lines>
                <line number="16" hits="8" branch="False" />
                <line number="17" hits="8" branch="False" />
                <line number="18" hits="8" branch="False" />
              </lines>
            </method>
          </methods>
          <lines>
            <line number="8" hits="292" branch="False" />
            <line number="9" hits="292" branch="True" condition-coverage="100% (2/2)">
              <conditions>
                <condition number="17" type="jump" coverage="100%" />
              </conditions>
            </line>
            <line number="10" hits="292" branch="False" />
            <line number="12" hits="16" branch="False" />
            <line number="13" hits="16" branch="True" condition-coverage="50% (1/2)">
              <conditions>
                <condition number="17" type="jump" coverage="50%" />
              </conditions>
            </line>
            <line number="14" hits="16" branch="False" />
            <line number="16" hits="8" branch="False" />
            <line number="17" hits="8" branch="False" />
            <line number="18" hits="8" branch="False" />
          </lines>
        </class>
        <class name="WebGate.Azure.CloudTableUtils.Converter.DateTimeOffsetConverter" filename="Converters/DateTimeOffsetConverter.cs" line-rate="1" branch-rate="0.75" complexity="5">
          <methods>
            <method name="IsType" signature="(System.Type)" line-rate="1" branch-rate="1">
              <lines>
                <line number="8" hits="268" branch="False" />
                <line number="9" hits="268" branch="True" condition-coverage="100% (2/2)">
                  <conditions>
                    <condition number="17" type="jump" coverage="100%" />
                  </conditions>
                </line>
                <line number="10" hits="268" branch="False" />
              </lines>
            </method>
            <method name="GetValue" signature="(System.Type,System.Object)" line-rate="1" branch-rate="0.5">
              <lines>
                <line number="12" hits="16" branch="False" />
                <line number="13" hits="16" branch="True" condition-coverage="50% (1/2)">
                  <conditions>
                    <condition number="17" type="jump" coverage="50%" />
                  </conditions>
                </line>
                <line number="14" hits="16" branch="False" />
              </lines>
            </method>
            <method name="BuildValue" signature="(Microsoft.Azure.Cosmos.Table.EntityProperty,System.Type)" line-rate="1" branch-rate="1">
              <lines>
                <line number="16" hits="8" branch="False" />
                <line number="17" hits="8" branch="False" />
                <line number="18" hits="8" branch="False" />
              </lines>
            </method>
          </methods>
          <lines>
            <line number="8" hits="268" branch="False" />
            <line number="9" hits="268" branch="True" condition-coverage="100% (2/2)">
              <conditions>
                <condition number="17" type="jump" coverage="100%" />
              </conditions>
            </line>
            <line number="10" hits="268" branch="False" />
            <line number="12" hits="16" branch="False" />
            <line number="13" hits="16" branch="True" condition-coverage="50% (1/2)">
              <conditions>
                <condition number="17" type="jump" coverage="50%" />
              </conditions>
            </line>
            <line number="14" hits="16" branch="False" />
            <line number="16" hits="8" branch="False" />
            <line number="17" hits="8" branch="False" />
            <line number="18" hits="8" branch="False" />
          </lines>
        </class>
        <class name="WebGate.Azure.CloudTableUtils.Converter.DoubleConverter" filename="Converters/DoubleConverter.cs" line-rate="1" branch-rate="0.75" complexity="5">
          <methods>
            <method name="IsType" signature="(System.Type)" line-rate="1" branch-rate="1">
              <lines>
                <line number="8" hits="244" branch="False" />
                <line number="9" hits="244" branch="True" condition-coverage="100% (2/2)">
                  <conditions>
                    <condition number="17" type="jump" coverage="100%" />
                  </conditions>
                </line>
                <line number="10" hits="244" branch="False" />
              </lines>
            </method>
            <method name="GetValue" signature="(System.Type,System.Object)" line-rate="1" branch-rate="0.5">
              <lines>
                <line number="12" hits="16" branch="False" />
                <line number="13" hits="16" branch="True" condition-coverage="50% (1/2)">
                  <conditions>
                    <condition number="17" type="jump" coverage="50%" />
                  </conditions>
                </line>
                <line number="14" hits="16" branch="False" />
              </lines>
            </method>
            <method name="BuildValue" signature="(Microsoft.Azure.Cosmos.Table.EntityProperty,System.Type)" line-rate="1" branch-rate="1">
              <lines>
                <line number="15" hits="8" branch="False" />
                <line number="16" hits="8" branch="False" />
                <line number="17" hits="8" branch="False" />
              </lines>
            </method>
          </methods>
          <lines>
            <line number="8" hits="244" branch="False" />
            <line number="9" hits="244" branch="True" condition-coverage="100% (2/2)">
              <conditions>
                <condition number="17" type="jump" coverage="100%" />
              </conditions>
            </line>
            <line number="10" hits="244" branch="False" />
            <line number="12" hits="16" branch="False" />
            <line number="13" hits="16" branch="True" condition-coverage="50% (1/2)">
              <conditions>
                <condition number="17" type="jump" coverage="50%" />
              </conditions>
            </line>
            <line number="14" hits="16" branch="False" />
            <line number="15" hits="8" branch="False" />
            <line number="16" hits="8" branch="False" />
            <line number="17" hits="8" branch="False" />
          </lines>
        </class>
        <class name="WebGate.Azure.CloudTableUtils.Converter.EnumConverter" filename="Converters/EnumConverter.cs" line-rate="1" branch-rate="1" complexity="3">
          <methods>
            <method name="IsType" signature="(System.Type)" line-rate="1" branch-rate="1">
              <lines>
                <line number="8" hits="220" branch="False" />
                <line number="9" hits="220" branch="False" />
                <line number="10" hits="220" branch="False" />
              </lines>
            </method>
            <method name="GetValue" signature="(System.Type,System.Object)" line-rate="1" branch-rate="1">
              <lines>
                <line number="12" hits="16" branch="False" />
                <line number="13" hits="16" branch="False" />
                <line number="14" hits="16" branch="False" />
              </lines>
            </method>
            <method name="BuildValue" signature="(Microsoft.Azure.Cosmos.Table.EntityProperty,System.Type)" line-rate="1" branch-rate="1">
              <lines>
                <line number="15" hits="8" branch="False" />
                <line number="16" hits="8" branch="False" />
                <line number="17" hits="8" branch="False" />
              </lines>
            </method>
          </methods>
          <lines>
            <line number="8" hits="220" branch="False" />
            <line number="9" hits="220" branch="False" />
            <line number="10" hits="220" branch="False" />
            <line number="12" hits="16" branch="False" />
            <line number="13" hits="16" branch="False" />
            <line number="14" hits="16" branch="False" />
            <line number="15" hits="8" branch="False" />
            <line number="16" hits="8" branch="False" />
            <line number="17" hits="8" branch="False" />
          </lines>
        </class>
        <class name="WebGate.Azure.CloudTableUtils.Converter.GuidConverter" filename="Converters/GuidConverter.cs" line-rate="1" branch-rate="0.75" complexity="5">
          <methods>
            <method name="IsType" signature="(System.Type)" line-rate="1" branch-rate="1">
              <lines>
                <line number="8" hits="196" branch="False" />
                <line number="9" hits="196" branch="True" condition-coverage="100% (2/2)">
                  <conditions>
                    <condition number="17" type="jump" coverage="100%" />
                  </conditions>
                </line>
                <line number="10" hits="196" branch="False" />
              </lines>
            </method>
            <method name="GetValue" signature="(System.Type,System.Object)" line-rate="1" branch-rate="0.5">
              <lines>
                <line number="12" hits="16" branch="False" />
                <line number="13" hits="16" branch="True" condition-coverage="50% (1/2)">
                  <conditions>
                    <condition number="17" type="jump" coverage="50%" />
                  </conditions>
                </line>
                <line number="14" hits="16" branch="False" />
              </lines>
            </method>
            <method name="BuildValue" signature="(Microsoft.Azure.Cosmos.Table.EntityProperty,System.Type)" line-rate="1" branch-rate="1">
              <lines>
                <line number="15" hits="8" branch="False" />
                <line number="16" hits="8" branch="False" />
                <line number="17" hits="8" branch="False" />
              </lines>
            </method>
          </methods>
          <lines>
            <line number="8" hits="196" branch="False" />
            <line number="9" hits="196" branch="True" condition-coverage="100% (2/2)">
              <conditions>
                <condition number="17" type="jump" coverage="100%" />
              </conditions>
            </line>
            <line number="10" hits="196" branch="False" />
            <line number="12" hits="16" branch="False" />
            <line number="13" hits="16" branch="True" condition-coverage="50% (1/2)">
              <conditions>
                <condition number="17" type="jump" coverage="50%" />
              </conditions>
            </line>
            <line number="14" hits="16" branch="False" />
            <line number="15" hits="8" branch="False" />
            <line number="16" hits="8" branch="False" />
            <line number="17" hits="8" branch="False" />
          </lines>
        </class>
        <class name="WebGate.Azure.CloudTableUtils.Converter.IEnumerableConverter" filename="Converters/IEnumerableConverter.cs" line-rate="1" branch-rate="1" complexity="4">
          <methods>
            <method name="IsType" signature="(System.Type)" line-rate="1" branch-rate="1">
              <lines>
                <line number="9" hits="11" branch="False" />
                <line number="10" hits="20" branch="True" condition-coverage="100% (2/2)">
                  <conditions>
                    <condition number="13" type="jump" coverage="100%" />
                  </conditions>
                </line>
                <line number="11" hits="11" branch="False" />
              </lines>
            </method>
            <method name="GetValue" signature="(System.Type,System.Object)" line-rate="1" branch-rate="1">
              <lines>
                <line number="13" hits="2" branch="False" />
                <line number="14" hits="2" branch="False" />
                <line number="15" hits="2" branch="False" />
                <line number="16" hits="2" branch="False" />
              </lines>
            </method>
            <method name="BuildValue" signature="(Microsoft.Azure.Cosmos.Table.EntityProperty,System.Type)" line-rate="1" branch-rate="1">
              <lines>
                <line number="17" hits="1" branch="False" />
                <line number="18" hits="1" branch="False" />
                <line number="19" hits="1" branch="False" />
              </lines>
            </method>
          </methods>
          <lines>
            <line number="9" hits="11" branch="False" />
            <line number="10" hits="20" branch="True" condition-coverage="100% (2/2)">
              <conditions>
                <condition number="13" type="jump" coverage="100%" />
              </conditions>
            </line>
            <line number="11" hits="11" branch="False" />
            <line number="13" hits="2" branch="False" />
            <line number="14" hits="2" branch="False" />
            <line number="15" hits="2" branch="False" />
            <line number="16" hits="2" branch="False" />
            <line number="17" hits="1" branch="False" />
            <line number="18" hits="1" branch="False" />
            <line number="19" hits="1" branch="False" />
          </lines>
        </class>
        <class name="WebGate.Azure.CloudTableUtils.Converter.IntConverter" filename="Converters/IntConverter.cs" line-rate="1" branch-rate="0.75" complexity="5">
          <methods>
            <method name="IsType" signature="(System.Type)" line-rate="1" branch-rate="1">
              <lines>
                <line number="8" hits="172" branch="False" />
                <line number="9" hits="172" branch="True" condition-coverage="100% (2/2)">
                  <conditions>
                    <condition number="17" type="jump" coverage="100%" />
                  </conditions>
                </line>
                <line number="10" hits="172" branch="False" />
              </lines>
            </method>
            <method name="GetValue" signature="(System.Type,System.Object)" line-rate="1" branch-rate="0.5">
              <lines>
                <line number="12" hits="16" branch="False" />
                <line number="13" hits="16" branch="True" condition-coverage="50% (1/2)">
                  <conditions>
                    <condition number="17" type="jump" coverage="50%" />
                  </conditions>
                </line>
                <line number="14" hits="16" branch="False" />
              </lines>
            </method>
            <method name="BuildValue" signature="(Microsoft.Azure.Cosmos.Table.EntityProperty,System.Type)" line-rate="1" branch-rate="1">
              <lines>
                <line number="15" hits="8" branch="False" />
                <line number="16" hits="8" branch="False" />
                <line number="17" hits="8" branch="False" />
              </lines>
            </method>
          </methods>
          <lines>
            <line number="8" hits="172" branch="False" />
            <line number="9" hits="172" branch="True" condition-coverage="100% (2/2)">
              <conditions>
                <condition number="17" type="jump" coverage="100%" />
              </conditions>
            </line>
            <line number="10" hits="172" branch="False" />
            <line number="12" hits="16" branch="False" />
            <line number="13" hits="16" branch="True" condition-coverage="50% (1/2)">
              <conditions>
                <condition number="17" type="jump" coverage="50%" />
              </conditions>
            </line>
            <line number="14" hits="16" branch="False" />
            <line number="15" hits="8" branch="False" />
            <line number="16" hits="8" branch="False" />
            <line number="17" hits="8" branch="False" />
          </lines>
        </class>
        <class name="WebGate.Azure.CloudTableUtils.Converter.LongConverter" filename="Converters/LongConverter.cs" line-rate="1" branch-rate="0.75" complexity="5">
          <methods>
            <method name="IsType" signature="(System.Type)" line-rate="1" branch-rate="1">
              <lines>
                <line number="8" hits="148" branch="False" />
                <line number="9" hits="148" branch="True" condition-coverage="100% (2/2)">
                  <conditions>
                    <condition number="17" type="jump" coverage="100%" />
                  </conditions>
                </line>
                <line number="10" hits="148" branch="False" />
              </lines>
            </method>
            <method name="GetValue" signature="(System.Type,System.Object)" line-rate="1" branch-rate="0.5">
              <lines>
                <line number="12" hits="16" branch="False" />
                <line number="13" hits="16" branch="True" condition-coverage="50% (1/2)">
                  <conditions>
                    <condition number="17" type="jump" coverage="50%" />
                  </conditions>
                </line>
                <line number="14" hits="16" branch="False" />
              </lines>
            </method>
            <method name="BuildValue" signature="(Microsoft.Azure.Cosmos.Table.EntityProperty,System.Type)" line-rate="1" branch-rate="1">
              <lines>
                <line number="15" hits="8" branch="False" />
                <line number="16" hits="8" branch="False" />
                <line number="17" hits="8" branch="False" />
              </lines>
            </method>
          </methods>
          <lines>
            <line number="8" hits="148" branch="False" />
            <line number="9" hits="148" branch="True" condition-coverage="100% (2/2)">
              <conditions>
                <condition number="17" type="jump" coverage="100%" />
              </conditions>
            </line>
            <line number="10" hits="148" branch="False" />
            <line number="12" hits="16" branch="False" />
            <line number="13" hits="16" branch="True" condition-coverage="50% (1/2)">
              <conditions>
                <condition number="17" type="jump" coverage="50%" />
              </conditions>
            </line>
            <line number="14" hits="16" branch="False" />
            <line number="15" hits="8" branch="False" />
            <line number="16" hits="8" branch="False" />
            <line number="17" hits="8" branch="False" />
          </lines>
        </class>
        <class name="WebGate.Azure.CloudTableUtils.Converter.StringConverter" filename="Converters/StringConverter.cs" line-rate="1" branch-rate="1" complexity="3">
          <methods>
            <method name="IsType" signature="(System.Type)" line-rate="1" branch-rate="1">
              <lines>
                <line number="8" hits="124" branch="False" />
                <line number="9" hits="124" branch="False" />
                <line number="10" hits="124" branch="False" />
              </lines>
            </method>
            <method name="GetValue" signature="(System.Type,System.Object)" line-rate="1" branch-rate="1">
              <lines>
                <line number="12" hits="22" branch="False" />
                <line number="13" hits="22" branch="False" />
                <line number="14" hits="22" branch="False" />
              </lines>
            </method>
            <method name="BuildValue" signature="(Microsoft.Azure.Cosmos.Table.EntityProperty,System.Type)" line-rate="1" branch-rate="1">
              <lines>
                <line number="15" hits="10" branch="False" />
                <line number="16" hits="10" branch="False" />
                <line number="17" hits="10" branch="False" />
              </lines>
            </method>
          </methods>
          <lines>
            <line number="8" hits="124" branch="False" />
            <line number="9" hits="124" branch="False" />
            <line number="10" hits="124" branch="False" />
            <line number="12" hits="22" branch="False" />
            <line number="13" hits="22" branch="False" />
            <line number="14" hits="22" branch="False" />
            <line number="15" hits="10" branch="False" />
            <line number="16" hits="10" branch="False" />
            <line number="17" hits="10" branch="False" />
          </lines>
        </class>
        <class name="WebGate.Azure.CloudTableUtils.Converter.TimeSpanConverter" filename="Converters/TimeSpanConverter.cs" line-rate="1" branch-rate="0.6666" complexity="7">
          <methods>
            <method name="IsType" signature="(System.Type)" line-rate="1" branch-rate="1">
              <lines>
                <line number="9" hits="92" branch="False" />
                <line number="10" hits="92" branch="True" condition-coverage="100% (2/2)">
                  <conditions>
                    <condition number="17" type="jump" coverage="100%" />
                  </conditions>
                </line>
                <line number="11" hits="92" branch="False" />
              </lines>
            </method>
            <method name="GetValue" signature="(System.Type,System.Object)" line-rate="1" branch-rate="0.5">
              <lines>
                <line number="13" hits="16" branch="False" />
                <line number="14" hits="16" branch="True" condition-coverage="50% (2/4)">
                  <conditions>
                    <condition number="17" type="jump" coverage="50%" />
                    <condition number="20" type="jump" coverage="50%" />
                  </conditions>
                </line>
                <line number="15" hits="16" branch="False" />
              </lines>
            </method>
            <method name="BuildValue" signature="(Microsoft.Azure.Cosmos.Table.EntityProperty,System.Type)" line-rate="1" branch-rate="1">
              <lines>
                <line number="16" hits="8" branch="False" />
                <line number="17" hits="8" branch="False" />
                <line number="18" hits="8" branch="False" />
              </lines>
            </method>
          </methods>
          <lines>
            <line number="9" hits="92" branch="False" />
            <line number="10" hits="92" branch="True" condition-coverage="100% (2/2)">
              <conditions>
                <condition number="17" type="jump" coverage="100%" />
              </conditions>
            </line>
            <line number="11" hits="92" branch="False" />
            <line number="13" hits="16" branch="False" />
            <line number="14" hits="16" branch="True" condition-coverage="50% (2/4)">
              <conditions>
                <condition number="17" type="jump" coverage="50%" />
                <condition number="20" type="jump" coverage="50%" />
              </conditions>
            </line>
            <line number="15" hits="16" branch="False" />
            <line number="16" hits="8" branch="False" />
            <line number="17" hits="8" branch="False" />
            <line number="18" hits="8" branch="False" />
          </lines>
        </class>
        <class name="WebGate.Azure.CloudTableUtils.Converter.UIntConverter" filename="Converters/UIntConverter.cs" line-rate="1" branch-rate="0.75" complexity="5">
          <methods>
            <method name="IsType" signature="(System.Type)" line-rate="1" branch-rate="1">
              <lines>
                <line number="9" hits="68" branch="False" />
                <line number="10" hits="68" branch="True" condition-coverage="100% (2/2)">
                  <conditions>
                    <condition number="17" type="jump" coverage="100%" />
                  </conditions>
                </line>
                <line number="11" hits="68" branch="False" />
              </lines>
            </method>
            <method name="GetValue" signature="(System.Type,System.Object)" line-rate="1" branch-rate="0.5">
              <lines>
                <line number="13" hits="16" branch="False" />
                <line number="14" hits="16" branch="True" condition-coverage="50% (1/2)">
                  <conditions>
                    <condition number="17" type="jump" coverage="50%" />
                  </conditions>
                </line>
                <line number="15" hits="16" branch="False" />
              </lines>
            </method>
            <method name="BuildValue" signature="(Microsoft.Azure.Cosmos.Table.EntityProperty,System.Type)" line-rate="1" branch-rate="1">
              <lines>
                <line number="16" hits="8" branch="False" />
                <line number="17" hits="8" branch="False" />
                <line number="18" hits="8" branch="False" />
              </lines>
            </method>
          </methods>
          <lines>
            <line number="9" hits="68" branch="False" />
            <line number="10" hits="68" branch="True" condition-coverage="100% (2/2)">
              <conditions>
                <condition number="17" type="jump" coverage="100%" />
              </conditions>
            </line>
            <line number="11" hits="68" branch="False" />
            <line number="13" hits="16" branch="False" />
            <line number="14" hits="16" branch="True" condition-coverage="50% (1/2)">
              <conditions>
                <condition number="17" type="jump" coverage="50%" />
              </conditions>
            </line>
            <line number="15" hits="16" branch="False" />
            <line number="16" hits="8" branch="False" />
            <line number="17" hits="8" branch="False" />
            <line number="18" hits="8" branch="False" />
          </lines>
        </class>
        <class name="WebGate.Azure.CloudTableUtils.Converter.ULongConverter" filename="Converters/ULongConverter.cs" line-rate="1" branch-rate="0.75" complexity="5">
          <methods>
            <method name="IsType" signature="(System.Type)" line-rate="1" branch-rate="1">
              <lines>
                <line number="9" hits="44" branch="False" />
                <line number="10" hits="44" branch="True" condition-coverage="100% (2/2)">
                  <conditions>
                    <condition number="17" type="jump" coverage="100%" />
                  </conditions>
                </line>
                <line number="11" hits="44" branch="False" />
              </lines>
            </method>
            <method name="GetValue" signature="(System.Type,System.Object)" line-rate="1" branch-rate="0.5">
              <lines>
                <line number="13" hits="16" branch="False" />
                <line number="14" hits="16" branch="True" condition-coverage="50% (1/2)">
                  <conditions>
                    <condition number="17" type="jump" coverage="50%" />
                  </conditions>
                </line>
                <line number="15" hits="16" branch="False" />
              </lines>
            </method>
            <method name="BuildValue" signature="(Microsoft.Azure.Cosmos.Table.EntityProperty,System.Type)" line-rate="1" branch-rate="1">
              <lines>
                <line number="16" hits="8" branch="False" />
                <line number="17" hits="8" branch="False" />
                <line number="18" hits="8" branch="False" />
              </lines>
            </method>
          </methods>
          <lines>
            <line number="9" hits="44" branch="False" />
            <line number="10" hits="44" branch="True" condition-coverage="100% (2/2)">
              <conditions>
                <condition number="17" type="jump" coverage="100%" />
              </conditions>
            </line>
            <line number="11" hits="44" branch="False" />
            <line number="13" hits="16" branch="False" />
            <line number="14" hits="16" branch="True" condition-coverage="50% (1/2)">
              <conditions>
                <condition number="17" type="jump" coverage="50%" />
              </conditions>
            </line>
            <line number="15" hits="16" branch="False" />
            <line number="16" hits="8" branch="False" />
            <line number="17" hits="8" branch="False" />
            <line number="18" hits="8" branch="False" />
          </lines>
        </class>
        <class name="WebGate.Azure.CloudTableUtils.CloudTableExtension.CloudTableExtensions/&lt;&gt;c__0`1" filename="CloudTableExtensions.cs" line-rate="1" branch-rate="1" complexity="2">
          <methods>
            <method name="&lt;GetAllAsync&gt;b__0_0" signature="(Microsoft.Azure.Cosmos.Table.DynamicTableEntity)" line-rate="1" branch-rate="1">
              <lines>
                <line number="18" hits="7" branch="True" condition-coverage="100% (2/2)">
                  <conditions>
                    <condition number="255" type="jump" coverage="100%" />
                  </conditions>
                </line>
              </lines>
            </method>
          </methods>
          <lines>
            <line number="18" hits="7" branch="True" condition-coverage="100% (2/2)">
              <conditions>
                <condition number="255" type="jump" coverage="100%" />
              </conditions>
            </line>
          </lines>
        </class>
        <class name="WebGate.Azure.CloudTableUtils.CloudTableExtension.CloudTableExtensions/&lt;GetAllAsync&gt;d__1`1" filename="CloudTableExtensions.cs" line-rate="0" branch-rate="1" complexity="1">
          <methods>
            <method name="MoveNext" signature="()" line-rate="0" branch-rate="1">
              <lines>
                <line number="20" hits="0" branch="False" />
                <line number="21" hits="0" branch="False" />
                <line number="22" hits="0" branch="False" />
              </lines>
            </method>
          </methods>
          <lines>
            <line number="20" hits="0" branch="False" />
            <line number="21" hits="0" branch="False" />
            <line number="22" hits="0" branch="False" />
          </lines>
        </class>
        <class name="WebGate.Azure.CloudTableUtils.CloudTableExtension.CloudTableExtensions/&lt;GetByIdAsync&gt;d__2`1" filename="CloudTableExtensions.cs" line-rate="0" branch-rate="1" complexity="1">
          <methods>
            <method name="MoveNext" signature="()" line-rate="0" branch-rate="1">
              <lines>
                <line number="24" hits="0" branch="False" />
                <line number="25" hits="0" branch="False" />
                <line number="26" hits="0" branch="False" />
              </lines>
            </method>
          </methods>
          <lines>
            <line number="24" hits="0" branch="False" />
            <line number="25" hits="0" branch="False" />
            <line number="26" hits="0" branch="False" />
          </lines>
        </class>
        <class name="WebGate.Azure.CloudTableUtils.CloudTableExtension.CloudTableExtensions/&lt;GetByIdAsync&gt;d__3`1" filename="CloudTableExtensions.cs" line-rate="0" branch-rate="1" complexity="1">
          <methods>
            <method name="MoveNext" signature="()" line-rate="0" branch-rate="1">
              <lines>
                <line number="27" hits="0" branch="False" />
                <line number="28" hits="0" branch="False" />
                <line number="29" hits="0" branch="False" />
              </lines>
            </method>
          </methods>
          <lines>
            <line number="27" hits="0" branch="False" />
            <line number="28" hits="0" branch="False" />
            <line number="29" hits="0" branch="False" />
          </lines>
        </class>
      </classes>
    </package>
  </packages>
</coverage>